[DEBUG][21-10-17][org.apache.ibatis.logging.LogFactory]Logging initialized using 'class org.apache.ibatis.logging.slf4j.Slf4jImpl' adapter.
[DEBUG][21-10-17][org.apache.ibatis.datasource.pooled.PooledDataSource]PooledDataSource forcefully closed/removed all connections.
[DEBUG][21-10-17][org.apache.ibatis.datasource.pooled.PooledDataSource]PooledDataSource forcefully closed/removed all connections.
[DEBUG][21-10-17][org.apache.ibatis.datasource.pooled.PooledDataSource]PooledDataSource forcefully closed/removed all connections.
[DEBUG][21-10-17][org.apache.ibatis.datasource.pooled.PooledDataSource]PooledDataSource forcefully closed/removed all connections.
[DEBUG][21-10-17][org.apache.ibatis.logging.LogFactory]Logging initialized using 'class org.apache.ibatis.logging.slf4j.Slf4jImpl' adapter.
[DEBUG][21-10-17][org.apache.ibatis.datasource.pooled.PooledDataSource]PooledDataSource forcefully closed/removed all connections.
[DEBUG][21-10-17][org.apache.ibatis.datasource.pooled.PooledDataSource]PooledDataSource forcefully closed/removed all connections.
[DEBUG][21-10-17][org.apache.ibatis.datasource.pooled.PooledDataSource]PooledDataSource forcefully closed/removed all connections.
[DEBUG][21-10-17][org.apache.ibatis.datasource.pooled.PooledDataSource]PooledDataSource forcefully closed/removed all connections.
[DEBUG][21-10-17][org.apache.ibatis.logging.LogFactory]Logging initialized using 'class org.apache.ibatis.logging.slf4j.Slf4jImpl' adapter.
[DEBUG][21-10-17][org.apache.ibatis.datasource.pooled.PooledDataSource]PooledDataSource forcefully closed/removed all connections.
[DEBUG][21-10-17][org.apache.ibatis.datasource.pooled.PooledDataSource]PooledDataSource forcefully closed/removed all connections.
[DEBUG][21-10-17][org.apache.ibatis.datasource.pooled.PooledDataSource]PooledDataSource forcefully closed/removed all connections.
[DEBUG][21-10-17][org.apache.ibatis.datasource.pooled.PooledDataSource]PooledDataSource forcefully closed/removed all connections.
[DEBUG][21-10-17][org.apache.ibatis.logging.LogFactory]Logging initialized using 'class org.apache.ibatis.logging.slf4j.Slf4jImpl' adapter.
[DEBUG][21-10-17][org.apache.ibatis.datasource.pooled.PooledDataSource]PooledDataSource forcefully closed/removed all connections.
[DEBUG][21-10-17][org.apache.ibatis.datasource.pooled.PooledDataSource]PooledDataSource forcefully closed/removed all connections.
[DEBUG][21-10-17][org.apache.ibatis.datasource.pooled.PooledDataSource]PooledDataSource forcefully closed/removed all connections.
[DEBUG][21-10-17][org.apache.ibatis.datasource.pooled.PooledDataSource]PooledDataSource forcefully closed/removed all connections.
[DEBUG][21-10-17][org.apache.ibatis.logging.LogFactory]Logging initialized using 'class org.apache.ibatis.logging.slf4j.Slf4jImpl' adapter.
[DEBUG][21-10-17][org.apache.ibatis.datasource.pooled.PooledDataSource]PooledDataSource forcefully closed/removed all connections.
[DEBUG][21-10-17][org.apache.ibatis.datasource.pooled.PooledDataSource]PooledDataSource forcefully closed/removed all connections.
[DEBUG][21-10-17][org.apache.ibatis.datasource.pooled.PooledDataSource]PooledDataSource forcefully closed/removed all connections.
[DEBUG][21-10-17][org.apache.ibatis.datasource.pooled.PooledDataSource]PooledDataSource forcefully closed/removed all connections.
[DEBUG][21-10-17][org.apache.ibatis.logging.LogFactory]Logging initialized using 'class org.apache.ibatis.logging.slf4j.Slf4jImpl' adapter.
[DEBUG][21-10-17][org.apache.ibatis.datasource.pooled.PooledDataSource]PooledDataSource forcefully closed/removed all connections.
[DEBUG][21-10-17][org.apache.ibatis.datasource.pooled.PooledDataSource]PooledDataSource forcefully closed/removed all connections.
[DEBUG][21-10-17][org.apache.ibatis.datasource.pooled.PooledDataSource]PooledDataSource forcefully closed/removed all connections.
[DEBUG][21-10-17][org.apache.ibatis.datasource.pooled.PooledDataSource]PooledDataSource forcefully closed/removed all connections.
[DEBUG][21-10-17][org.apache.ibatis.transaction.jdbc.JdbcTransaction]Opening JDBC Connection
[DEBUG][21-10-17][org.apache.ibatis.logging.LogFactory]Logging initialized using 'class org.apache.ibatis.logging.slf4j.Slf4jImpl' adapter.
[DEBUG][21-10-17][org.apache.ibatis.datasource.pooled.PooledDataSource]PooledDataSource forcefully closed/removed all connections.
[DEBUG][21-10-17][org.apache.ibatis.datasource.pooled.PooledDataSource]PooledDataSource forcefully closed/removed all connections.
[DEBUG][21-10-17][org.apache.ibatis.datasource.pooled.PooledDataSource]PooledDataSource forcefully closed/removed all connections.
[DEBUG][21-10-17][org.apache.ibatis.datasource.pooled.PooledDataSource]PooledDataSource forcefully closed/removed all connections.
[DEBUG][21-10-17][org.apache.ibatis.transaction.jdbc.JdbcTransaction]Opening JDBC Connection
[DEBUG][21-10-17][org.apache.ibatis.datasource.pooled.PooledDataSource]Created connection 832279283.
[DEBUG][21-10-17][org.apache.ibatis.transaction.jdbc.JdbcTransaction]Setting autocommit to false on JDBC Connection [com.mysql.jdbc.JDBC4Connection@319b92f3]
[DEBUG][21-10-17][com.lcx.dao.UserDao.findAll]==>  Preparing: select * from user 
[DEBUG][21-10-17][com.lcx.dao.UserDao.findAll]==> Parameters: 
[DEBUG][21-10-17][com.lcx.dao.UserDao.findAll]<==      Total: 1
[DEBUG][21-10-17][org.apache.ibatis.transaction.jdbc.JdbcTransaction]Resetting autocommit to true on JDBC Connection [com.mysql.jdbc.JDBC4Connection@319b92f3]
[DEBUG][21-10-17][org.apache.ibatis.transaction.jdbc.JdbcTransaction]Closing JDBC Connection [com.mysql.jdbc.JDBC4Connection@319b92f3]
[DEBUG][21-10-17][org.apache.ibatis.datasource.pooled.PooledDataSource]Returned connection 832279283 to pool.
[DEBUG][21-10-17][org.apache.ibatis.logging.LogFactory]Logging initialized using 'class org.apache.ibatis.logging.slf4j.Slf4jImpl' adapter.
[DEBUG][21-10-17][org.apache.ibatis.datasource.pooled.PooledDataSource]PooledDataSource forcefully closed/removed all connections.
[DEBUG][21-10-17][org.apache.ibatis.datasource.pooled.PooledDataSource]PooledDataSource forcefully closed/removed all connections.
[DEBUG][21-10-17][org.apache.ibatis.datasource.pooled.PooledDataSource]PooledDataSource forcefully closed/removed all connections.
[DEBUG][21-10-17][org.apache.ibatis.datasource.pooled.PooledDataSource]PooledDataSource forcefully closed/removed all connections.
[DEBUG][21-10-17][org.apache.ibatis.transaction.jdbc.JdbcTransaction]Opening JDBC Connection
[DEBUG][21-10-17][org.apache.ibatis.logging.LogFactory]Logging initialized using 'class org.apache.ibatis.logging.slf4j.Slf4jImpl' adapter.
[DEBUG][21-10-17][org.apache.ibatis.datasource.pooled.PooledDataSource]PooledDataSource forcefully closed/removed all connections.
[DEBUG][21-10-17][org.apache.ibatis.datasource.pooled.PooledDataSource]PooledDataSource forcefully closed/removed all connections.
[DEBUG][21-10-17][org.apache.ibatis.datasource.pooled.PooledDataSource]PooledDataSource forcefully closed/removed all connections.
[DEBUG][21-10-17][org.apache.ibatis.datasource.pooled.PooledDataSource]PooledDataSource forcefully closed/removed all connections.
[DEBUG][21-10-17][org.apache.ibatis.transaction.jdbc.JdbcTransaction]Opening JDBC Connection
[DEBUG][21-10-17][org.apache.ibatis.datasource.pooled.PooledDataSource]Created connection 832279283.
[DEBUG][21-10-17][org.apache.ibatis.transaction.jdbc.JdbcTransaction]Setting autocommit to false on JDBC Connection [com.mysql.jdbc.JDBC4Connection@319b92f3]
[DEBUG][21-10-17][com.lcx.dao.UserDao.findAll]==>  Preparing: select * from user 
[DEBUG][21-10-17][com.lcx.dao.UserDao.findAll]==> Parameters: 
[DEBUG][21-10-17][com.lcx.dao.UserDao.findAll]<==      Total: 1
[DEBUG][21-10-17][org.apache.ibatis.transaction.jdbc.JdbcTransaction]Resetting autocommit to true on JDBC Connection [com.mysql.jdbc.JDBC4Connection@319b92f3]
[DEBUG][21-10-17][org.apache.ibatis.transaction.jdbc.JdbcTransaction]Closing JDBC Connection [com.mysql.jdbc.JDBC4Connection@319b92f3]
[DEBUG][21-10-17][org.apache.ibatis.datasource.pooled.PooledDataSource]Returned connection 832279283 to pool.
[DEBUG][21-10-17][org.apache.ibatis.logging.LogFactory]Logging initialized using 'class org.apache.ibatis.logging.slf4j.Slf4jImpl' adapter.
[DEBUG][21-10-17][org.apache.ibatis.datasource.pooled.PooledDataSource]PooledDataSource forcefully closed/removed all connections.
[DEBUG][21-10-17][org.apache.ibatis.datasource.pooled.PooledDataSource]PooledDataSource forcefully closed/removed all connections.
[DEBUG][21-10-17][org.apache.ibatis.datasource.pooled.PooledDataSource]PooledDataSource forcefully closed/removed all connections.
[DEBUG][21-10-17][org.apache.ibatis.datasource.pooled.PooledDataSource]PooledDataSource forcefully closed/removed all connections.
[DEBUG][21-10-17][org.apache.ibatis.transaction.jdbc.JdbcTransaction]Opening JDBC Connection
[DEBUG][21-10-17][org.apache.ibatis.datasource.pooled.PooledDataSource]Created connection 832279283.
[DEBUG][21-10-17][org.apache.ibatis.transaction.jdbc.JdbcTransaction]Setting autocommit to false on JDBC Connection [com.mysql.jdbc.JDBC4Connection@319b92f3]
[DEBUG][21-10-17][com.lcx.dao.UserDao.findAll]==>  Preparing: select * from user 
[DEBUG][21-10-17][com.lcx.dao.UserDao.findAll]==> Parameters: 
[DEBUG][21-10-17][com.lcx.dao.UserDao.findAll]<==      Total: 1
[DEBUG][21-10-17][org.apache.ibatis.transaction.jdbc.JdbcTransaction]Resetting autocommit to true on JDBC Connection [com.mysql.jdbc.JDBC4Connection@319b92f3]
[DEBUG][21-10-17][org.apache.ibatis.transaction.jdbc.JdbcTransaction]Closing JDBC Connection [com.mysql.jdbc.JDBC4Connection@319b92f3]
[DEBUG][21-10-17][org.apache.ibatis.datasource.pooled.PooledDataSource]Returned connection 832279283 to pool.
[DEBUG][21-10-17][org.apache.ibatis.logging.LogFactory]Logging initialized using 'class org.apache.ibatis.logging.slf4j.Slf4jImpl' adapter.
[DEBUG][21-10-17][org.apache.ibatis.datasource.pooled.PooledDataSource]PooledDataSource forcefully closed/removed all connections.
[DEBUG][21-10-17][org.apache.ibatis.datasource.pooled.PooledDataSource]PooledDataSource forcefully closed/removed all connections.
[DEBUG][21-10-17][org.apache.ibatis.datasource.pooled.PooledDataSource]PooledDataSource forcefully closed/removed all connections.
[DEBUG][21-10-17][org.apache.ibatis.datasource.pooled.PooledDataSource]PooledDataSource forcefully closed/removed all connections.
[DEBUG][21-10-17][org.apache.ibatis.transaction.jdbc.JdbcTransaction]Opening JDBC Connection
[DEBUG][21-10-17][org.apache.ibatis.datasource.pooled.PooledDataSource]Created connection 832279283.
[DEBUG][21-10-17][org.apache.ibatis.transaction.jdbc.JdbcTransaction]Setting autocommit to false on JDBC Connection [com.mysql.jdbc.JDBC4Connection@319b92f3]
[DEBUG][21-10-17][com.lcx.dao.UserDao.findAll]==>  Preparing: select * from user 
[DEBUG][21-10-17][com.lcx.dao.UserDao.findAll]==> Parameters: 
[DEBUG][21-10-17][com.lcx.dao.UserDao.findAll]<==      Total: 1
[DEBUG][21-10-17][org.apache.ibatis.transaction.jdbc.JdbcTransaction]Resetting autocommit to true on JDBC Connection [com.mysql.jdbc.JDBC4Connection@319b92f3]
[DEBUG][21-10-17][org.apache.ibatis.transaction.jdbc.JdbcTransaction]Closing JDBC Connection [com.mysql.jdbc.JDBC4Connection@319b92f3]
[DEBUG][21-10-17][org.apache.ibatis.datasource.pooled.PooledDataSource]Returned connection 832279283 to pool.
[DEBUG][21-10-17][org.apache.ibatis.logging.LogFactory]Logging initialized using 'class org.apache.ibatis.logging.slf4j.Slf4jImpl' adapter.
[DEBUG][21-10-17][org.apache.ibatis.datasource.pooled.PooledDataSource]PooledDataSource forcefully closed/removed all connections.
[DEBUG][21-10-17][org.apache.ibatis.datasource.pooled.PooledDataSource]PooledDataSource forcefully closed/removed all connections.
[DEBUG][21-10-17][org.apache.ibatis.datasource.pooled.PooledDataSource]PooledDataSource forcefully closed/removed all connections.
[DEBUG][21-10-17][org.apache.ibatis.datasource.pooled.PooledDataSource]PooledDataSource forcefully closed/removed all connections.
[DEBUG][21-10-17][org.apache.ibatis.transaction.jdbc.JdbcTransaction]Opening JDBC Connection
[DEBUG][21-10-17][org.apache.ibatis.datasource.pooled.PooledDataSource]Created connection 832279283.
[DEBUG][21-10-17][org.apache.ibatis.transaction.jdbc.JdbcTransaction]Setting autocommit to false on JDBC Connection [com.mysql.jdbc.JDBC4Connection@319b92f3]
[DEBUG][21-10-17][com.lcx.dao.UserDao.findAll]==>  Preparing: select * from user 
[DEBUG][21-10-17][com.lcx.dao.UserDao.findAll]==> Parameters: 
[DEBUG][21-10-17][com.lcx.dao.UserDao.findAll]<==      Total: 1
[DEBUG][21-10-17][org.apache.ibatis.transaction.jdbc.JdbcTransaction]Resetting autocommit to true on JDBC Connection [com.mysql.jdbc.JDBC4Connection@319b92f3]
[DEBUG][21-10-17][org.apache.ibatis.transaction.jdbc.JdbcTransaction]Closing JDBC Connection [com.mysql.jdbc.JDBC4Connection@319b92f3]
[DEBUG][21-10-17][org.apache.ibatis.datasource.pooled.PooledDataSource]Returned connection 832279283 to pool.
[DEBUG][21-10-17][org.apache.ibatis.logging.LogFactory]Logging initialized using 'class org.apache.ibatis.logging.slf4j.Slf4jImpl' adapter.
[DEBUG][21-10-17][org.apache.ibatis.datasource.pooled.PooledDataSource]PooledDataSource forcefully closed/removed all connections.
[DEBUG][21-10-17][org.apache.ibatis.datasource.pooled.PooledDataSource]PooledDataSource forcefully closed/removed all connections.
[DEBUG][21-10-17][org.apache.ibatis.datasource.pooled.PooledDataSource]PooledDataSource forcefully closed/removed all connections.
[DEBUG][21-10-17][org.apache.ibatis.datasource.pooled.PooledDataSource]PooledDataSource forcefully closed/removed all connections.
[DEBUG][21-10-17][org.apache.ibatis.transaction.jdbc.JdbcTransaction]Opening JDBC Connection
[DEBUG][21-10-17][org.apache.ibatis.datasource.pooled.PooledDataSource]Created connection 912011468.
[DEBUG][21-10-17][org.apache.ibatis.transaction.jdbc.JdbcTransaction]Setting autocommit to false on JDBC Connection [com.mysql.cj.jdbc.ConnectionImpl@365c30cc]
[DEBUG][21-10-17][com.lcx.dao.UserDao.findAll]==>  Preparing: select * from user 
[DEBUG][21-10-17][com.lcx.dao.UserDao.findAll]==> Parameters: 
[DEBUG][21-10-17][com.lcx.dao.UserDao.findAll]<==      Total: 1
[DEBUG][21-10-17][org.apache.ibatis.transaction.jdbc.JdbcTransaction]Resetting autocommit to true on JDBC Connection [com.mysql.cj.jdbc.ConnectionImpl@365c30cc]
[DEBUG][21-10-17][org.apache.ibatis.transaction.jdbc.JdbcTransaction]Closing JDBC Connection [com.mysql.cj.jdbc.ConnectionImpl@365c30cc]
[DEBUG][21-10-17][org.apache.ibatis.datasource.pooled.PooledDataSource]Returned connection 912011468 to pool.
[DEBUG][21-10-17][org.apache.ibatis.logging.LogFactory]Logging initialized using 'class org.apache.ibatis.logging.slf4j.Slf4jImpl' adapter.
[DEBUG][21-10-17][org.apache.ibatis.datasource.pooled.PooledDataSource]PooledDataSource forcefully closed/removed all connections.
[DEBUG][21-10-17][org.apache.ibatis.datasource.pooled.PooledDataSource]PooledDataSource forcefully closed/removed all connections.
[DEBUG][21-10-17][org.apache.ibatis.datasource.pooled.PooledDataSource]PooledDataSource forcefully closed/removed all connections.
[DEBUG][21-10-17][org.apache.ibatis.datasource.pooled.PooledDataSource]PooledDataSource forcefully closed/removed all connections.
[DEBUG][21-10-17][org.apache.ibatis.transaction.jdbc.JdbcTransaction]Opening JDBC Connection
[DEBUG][21-10-17][org.apache.ibatis.datasource.pooled.PooledDataSource]Created connection 297927961.
[DEBUG][21-10-17][org.apache.ibatis.transaction.jdbc.JdbcTransaction]Setting autocommit to false on JDBC Connection [com.mysql.cj.jdbc.ConnectionImpl@11c20519]
[DEBUG][21-10-17][com.lcx.dao.UserDao.findAll]==>  Preparing: select * from user 
[DEBUG][21-10-17][com.lcx.dao.UserDao.findAll]==> Parameters: 
[DEBUG][21-10-17][com.lcx.dao.UserDao.findAll]<==      Total: 1
[DEBUG][21-10-17][org.apache.ibatis.transaction.jdbc.JdbcTransaction]Resetting autocommit to true on JDBC Connection [com.mysql.cj.jdbc.ConnectionImpl@11c20519]
[DEBUG][21-10-17][org.apache.ibatis.transaction.jdbc.JdbcTransaction]Closing JDBC Connection [com.mysql.cj.jdbc.ConnectionImpl@11c20519]
[DEBUG][21-10-17][org.apache.ibatis.datasource.pooled.PooledDataSource]Returned connection 297927961 to pool.
[DEBUG][21-10-17][org.apache.ibatis.logging.LogFactory]Logging initialized using 'class org.apache.ibatis.logging.slf4j.Slf4jImpl' adapter.
[DEBUG][21-10-17][org.apache.ibatis.datasource.pooled.PooledDataSource]PooledDataSource forcefully closed/removed all connections.
[DEBUG][21-10-17][org.apache.ibatis.datasource.pooled.PooledDataSource]PooledDataSource forcefully closed/removed all connections.
[DEBUG][21-10-17][org.apache.ibatis.datasource.pooled.PooledDataSource]PooledDataSource forcefully closed/removed all connections.
[DEBUG][21-10-17][org.apache.ibatis.datasource.pooled.PooledDataSource]PooledDataSource forcefully closed/removed all connections.
[DEBUG][21-10-17][org.apache.ibatis.transaction.jdbc.JdbcTransaction]Opening JDBC Connection
[DEBUG][21-10-17][org.apache.ibatis.datasource.pooled.PooledDataSource]Created connection 297927961.
[DEBUG][21-10-17][org.apache.ibatis.transaction.jdbc.JdbcTransaction]Setting autocommit to false on JDBC Connection [com.mysql.cj.jdbc.ConnectionImpl@11c20519]
[DEBUG][21-10-17][com.lcx.dao.UserDao.findAll]==>  Preparing: select * from user 
[DEBUG][21-10-17][com.lcx.dao.UserDao.findAll]==> Parameters: 
[DEBUG][21-10-17][com.lcx.dao.UserDao.findAll]<==      Total: 1
[DEBUG][21-10-17][org.apache.ibatis.transaction.jdbc.JdbcTransaction]Resetting autocommit to true on JDBC Connection [com.mysql.cj.jdbc.ConnectionImpl@11c20519]
[DEBUG][21-10-17][org.apache.ibatis.transaction.jdbc.JdbcTransaction]Closing JDBC Connection [com.mysql.cj.jdbc.ConnectionImpl@11c20519]
[DEBUG][21-10-17][org.apache.ibatis.datasource.pooled.PooledDataSource]Returned connection 297927961 to pool.
